<?xml version="1.0" encoding="UTF-8" ?>
<testsuites>
 <testsuite name="MyBase64Test_script" package="__Sandbox.suite" timestamp="2024-08-19 17:49:26.236 -0400"
 tests="1"  failures="1" errors="0" time="0.081096">
  <properties>
   <property name="RunDate" value="2024-08-19 17:49:26.236 -0400"/>
   <property name="Status" value="Failure"/>
  </properties>
  <testcase name="MyBase64Test.script" assertions="1" status="failure"  time="0.074379">
    <failure type="FAILURE" message="STFileException: Failed to read file /Users/charturn/Documents/Personal/JosiahBC.pdf -- Execution Time 0:00:00 MyBase64Test.script" />
  </testcase>
 </testsuite>
</testsuites>
