<?xml version="1.0" encoding="UTF-8" ?>
<testsuites>
 <testsuite name="Sorting_script" package="__Sandbox.suite" timestamp="2024-08-08 13:52:29.237 -0400"
 tests="1"  failures="1" errors="0" time="0.056983">
  <properties>
   <property name="RunDate" value="2024-08-08 13:52:29.237 -0400"/>
   <property name="Status" value="Failure"/>
  </properties>
  <testcase name="Sorting.script" assertions="1" status="failure"  time="0.050246">
    <failure type="FAILURE" message="STInvalidBoolean: Value &apos;rabbit&apos; is not TRUE, FALSE, YES, NO, ON, OFF or empty -- Execution Time 0:00:00 Sorting.script" />
  </testcase>
 </testsuite>
</testsuites>
